Traceback (most recent call last):
  File "/home/ma/ma_ma/ma_ssiu/.conda/envs/test/lib/python3.11/site-packages/pandas/compat/_optional.py", line 135, in import_optional_dependency
    module = importlib.import_module(name)
             ^^^^^^^^^^^^^^^^^^^^^^^^^^^^^
  File "/home/ma/ma_ma/ma_ssiu/.conda/envs/test/lib/python3.11/importlib/__init__.py", line 126, in import_module
    return _bootstrap._gcd_import(name[level:], package, level)
           ^^^^^^^^^^^^^^^^^^^^^^^^^^^^^^^^^^^^^^^^^^^^^^^^^^^^
  File "<frozen importlib._bootstrap>", line 1204, in _gcd_import
  File "<frozen importlib._bootstrap>", line 1176, in _find_and_load
  File "<frozen importlib._bootstrap>", line 1140, in _find_and_load_unlocked
ModuleNotFoundError: No module named 'openpyxl'

During handling of the above exception, another exception occurred:

Traceback (most recent call last):
  File "/pfs/work9/workspace/scratch/ma_ssiu-thesis/Teapot/1_optimized.py", line 25, in <module>
    pd.read_excel("datasets/occupation_data.xlsx")
  File "/home/ma/ma_ma/ma_ssiu/.conda/envs/test/lib/python3.11/site-packages/pandas/io/excel/_base.py", line 495, in read_excel
    io = ExcelFile(
         ^^^^^^^^^^
  File "/home/ma/ma_ma/ma_ssiu/.conda/envs/test/lib/python3.11/site-packages/pandas/io/excel/_base.py", line 1567, in __init__
    self._reader = self._engines[engine](
                   ^^^^^^^^^^^^^^^^^^^^^^
  File "/home/ma/ma_ma/ma_ssiu/.conda/envs/test/lib/python3.11/site-packages/pandas/io/excel/_openpyxl.py", line 552, in __init__
    import_optional_dependency("openpyxl")
  File "/home/ma/ma_ma/ma_ssiu/.conda/envs/test/lib/python3.11/site-packages/pandas/compat/_optional.py", line 138, in import_optional_dependency
    raise ImportError(msg)
ImportError: Missing optional dependency 'openpyxl'.  Use pip or conda to install openpyxl.
